<?xml version="1.0" encoding="UTF-8"?>
<testng-results ignored="0" total="4" passed="4" failed="0" skipped="0">
  <reporter-output>
  </reporter-output>
  <suite started-at="2024-07-22T01:13:38 IST" name="Suite" finished-at="2024-07-22T01:16:09 IST" duration-ms="151414">
    <groups>
      <group name="regressionTest">
        <method signature="CreateCampaignWithProductTest.CreateCampaignWithProductTest()[pri:0, instance:Campaign.CreateCampaignWithProductTest@4b2bac3f]" name="CreateCampaignWithProductTest" class="Campaign.CreateCampaignWithProductTest"/>
        <method signature="CreateProductAndDeleteProductTest.CreateProductAndDeleteProductTest()[pri:0, instance:Product.CreateProductAndDeleteProductTest@4e50c791]" name="CreateProductAndDeleteProductTest" class="Product.CreateProductAndDeleteProductTest"/>
        <method signature="CreateProductTest.CreateProductTest()[pri:0, instance:Product.CreateProductTest@7530ad9c]" name="CreateProductTest" class="Product.CreateProductTest"/>
      </group> <!-- regressionTest -->
      <group name="smokeTest">
        <method signature="CreateCampaignTest.createCampaignTest()[pri:0, instance:Campaign.CreateCampaignTest@198b6731]" name="createCampaignTest" class="Campaign.CreateCampaignTest"/>
        <method signature="CreateProductAndDeleteProductTest.CreateProductAndDeleteProductTest()[pri:0, instance:Product.CreateProductAndDeleteProductTest@4e50c791]" name="CreateProductAndDeleteProductTest" class="Product.CreateProductAndDeleteProductTest"/>
      </group> <!-- smokeTest -->
    </groups>
    <test started-at="2024-07-22T01:13:38 IST" name="TestRunner2" finished-at="2024-07-22T01:15:59 IST" duration-ms="141157">
      <class name="Product.CreateProductAndDeleteProductTest">
        <test-method is-config="true" signature="BS()[pri:0, instance:Product.CreateProductAndDeleteProductTest@4e50c791]" started-at="2024-07-22T01:13:38 IST" name="BS" finished-at="2024-07-22T01:13:38 IST" duration-ms="48" status="PASS">
          <reporter-output>
          </reporter-output>
        </test-method> <!-- BS -->
        <test-method is-config="true" signature="BT()[pri:0, instance:Product.CreateProductAndDeleteProductTest@4e50c791]" started-at="2024-07-22T01:13:38 IST" name="BT" finished-at="2024-07-22T01:13:38 IST" duration-ms="1" status="PASS">
          <reporter-output>
          </reporter-output>
        </test-method> <!-- BT -->
        <test-method is-config="true" signature="BC()[pri:0, instance:Product.CreateProductAndDeleteProductTest@4e50c791]" started-at="2024-07-22T01:13:38 IST" name="BC" finished-at="2024-07-22T01:13:45 IST" duration-ms="7810" status="PASS">
          <reporter-output>
          </reporter-output>
        </test-method> <!-- BC -->
        <test-method is-config="true" signature="BM()[pri:0, instance:Product.CreateProductAndDeleteProductTest@4e50c791]" started-at="2024-07-22T01:13:46 IST" name="BM" finished-at="2024-07-22T01:14:26 IST" duration-ms="40699" status="PASS">
          <reporter-output>
          </reporter-output>
        </test-method> <!-- BM -->
        <test-method signature="CreateProductAndDeleteProductTest()[pri:0, instance:Product.CreateProductAndDeleteProductTest@4e50c791]" started-at="2024-07-22T01:14:26 IST" name="CreateProductAndDeleteProductTest" finished-at="2024-07-22T01:15:12 IST" duration-ms="46270" status="PASS">
          <reporter-output>
          </reporter-output>
        </test-method> <!-- CreateProductAndDeleteProductTest -->
        <test-method is-config="true" signature="AM()[pri:0, instance:Product.CreateProductAndDeleteProductTest@4e50c791]" started-at="2024-07-22T01:15:12 IST" name="AM" finished-at="2024-07-22T01:15:18 IST" duration-ms="5592" status="PASS">
          <reporter-output>
          </reporter-output>
        </test-method> <!-- AM -->
        <test-method is-config="true" signature="AC()[pri:0, instance:Product.CreateProductAndDeleteProductTest@4e50c791]" started-at="2024-07-22T01:15:18 IST" name="AC" finished-at="2024-07-22T01:15:18 IST" duration-ms="388" status="PASS">
          <reporter-output>
          </reporter-output>
        </test-method> <!-- AC -->
        <test-method is-config="true" signature="AT()[pri:0, instance:Product.CreateProductAndDeleteProductTest@4e50c791]" started-at="2024-07-22T01:15:59 IST" name="AT" finished-at="2024-07-22T01:15:59 IST" duration-ms="1" status="PASS">
          <reporter-output>
          </reporter-output>
        </test-method> <!-- AT -->
        <test-method is-config="true" signature="AS()[pri:0, instance:Product.CreateProductAndDeleteProductTest@4e50c791]" started-at="2024-07-22T01:16:09 IST" name="AS" finished-at="2024-07-22T01:16:10 IST" duration-ms="430" status="PASS">
          <reporter-output>
          </reporter-output>
        </test-method> <!-- AS -->
      </class> <!-- Product.CreateProductAndDeleteProductTest -->
      <class name="Product.CreateProductTest">
        <test-method is-config="true" signature="BC()[pri:0, instance:Product.CreateProductTest@7530ad9c]" started-at="2024-07-22T01:15:18 IST" name="BC" finished-at="2024-07-22T01:15:21 IST" duration-ms="2591" status="PASS">
          <reporter-output>
          </reporter-output>
        </test-method> <!-- BC -->
        <test-method is-config="true" signature="BM()[pri:0, instance:Product.CreateProductTest@7530ad9c]" started-at="2024-07-22T01:15:21 IST" name="BM" finished-at="2024-07-22T01:15:30 IST" duration-ms="8979" status="PASS">
          <reporter-output>
          </reporter-output>
        </test-method> <!-- BM -->
        <test-method signature="CreateProductTest()[pri:0, instance:Product.CreateProductTest@7530ad9c]" started-at="2024-07-22T01:15:30 IST" name="CreateProductTest" finished-at="2024-07-22T01:15:55 IST" duration-ms="25190" status="PASS">
          <reporter-output>
          </reporter-output>
        </test-method> <!-- CreateProductTest -->
        <test-method is-config="true" signature="AM()[pri:0, instance:Product.CreateProductTest@7530ad9c]" started-at="2024-07-22T01:15:55 IST" name="AM" finished-at="2024-07-22T01:15:58 IST" duration-ms="2901" status="PASS">
          <reporter-output>
          </reporter-output>
        </test-method> <!-- AM -->
        <test-method is-config="true" signature="AC()[pri:0, instance:Product.CreateProductTest@7530ad9c]" started-at="2024-07-22T01:15:58 IST" name="AC" finished-at="2024-07-22T01:15:59 IST" duration-ms="593" status="PASS">
          <reporter-output>
          </reporter-output>
        </test-method> <!-- AC -->
      </class> <!-- Product.CreateProductTest -->
    </test> <!-- TestRunner2 -->
    <test started-at="2024-07-22T01:13:38 IST" name="Test" finished-at="2024-07-22T01:16:09 IST" duration-ms="151414">
      <class name="Campaign.CreateCampaignTest">
        <test-method is-config="true" signature="BT()[pri:0, instance:Campaign.CreateCampaignTest@198b6731]" started-at="2024-07-22T01:13:38 IST" name="BT" finished-at="2024-07-22T01:13:38 IST" duration-ms="7" status="PASS">
          <reporter-output>
          </reporter-output>
        </test-method> <!-- BT -->
        <test-method is-config="true" signature="BC()[pri:0, instance:Campaign.CreateCampaignTest@198b6731]" started-at="2024-07-22T01:13:38 IST" name="BC" finished-at="2024-07-22T01:13:45 IST" duration-ms="7809" status="PASS">
          <reporter-output>
          </reporter-output>
        </test-method> <!-- BC -->
        <test-method is-config="true" signature="BM()[pri:0, instance:Campaign.CreateCampaignTest@198b6731]" started-at="2024-07-22T01:13:46 IST" name="BM" finished-at="2024-07-22T01:14:19 IST" duration-ms="33809" status="PASS">
          <reporter-output>
          </reporter-output>
        </test-method> <!-- BM -->
        <test-method signature="createCampaignTest()[pri:0, instance:Campaign.CreateCampaignTest@198b6731]" started-at="2024-07-22T01:14:19 IST" name="createCampaignTest" finished-at="2024-07-22T01:15:08 IST" duration-ms="48266" status="PASS">
          <reporter-output>
          </reporter-output>
        </test-method> <!-- createCampaignTest -->
        <test-method is-config="true" signature="AM()[pri:0, instance:Campaign.CreateCampaignTest@198b6731]" started-at="2024-07-22T01:15:08 IST" name="AM" finished-at="2024-07-22T01:15:11 IST" duration-ms="3790" status="PASS">
          <reporter-output>
          </reporter-output>
        </test-method> <!-- AM -->
        <test-method is-config="true" signature="AC()[pri:0, instance:Campaign.CreateCampaignTest@198b6731]" started-at="2024-07-22T01:15:11 IST" name="AC" finished-at="2024-07-22T01:15:12 IST" duration-ms="349" status="PASS">
          <reporter-output>
          </reporter-output>
        </test-method> <!-- AC -->
        <test-method is-config="true" signature="AT()[pri:0, instance:Campaign.CreateCampaignTest@198b6731]" started-at="2024-07-22T01:16:09 IST" name="AT" finished-at="2024-07-22T01:16:09 IST" duration-ms="1" status="PASS">
          <reporter-output>
          </reporter-output>
        </test-method> <!-- AT -->
      </class> <!-- Campaign.CreateCampaignTest -->
      <class name="Campaign.CreateCampaignWithProductTest">
        <test-method is-config="true" signature="BC()[pri:0, instance:Campaign.CreateCampaignWithProductTest@4b2bac3f]" started-at="2024-07-22T01:15:12 IST" name="BC" finished-at="2024-07-22T01:15:15 IST" duration-ms="3576" status="PASS">
          <reporter-output>
          </reporter-output>
        </test-method> <!-- BC -->
        <test-method is-config="true" signature="BM()[pri:0, instance:Campaign.CreateCampaignWithProductTest@4b2bac3f]" started-at="2024-07-22T01:15:15 IST" name="BM" finished-at="2024-07-22T01:15:25 IST" duration-ms="10092" status="PASS">
          <reporter-output>
          </reporter-output>
        </test-method> <!-- BM -->
        <test-method signature="CreateCampaignWithProductTest()[pri:0, instance:Campaign.CreateCampaignWithProductTest@4b2bac3f]" started-at="2024-07-22T01:15:25 IST" name="CreateCampaignWithProductTest" finished-at="2024-07-22T01:16:07 IST" duration-ms="41550" status="PASS">
          <reporter-output>
          </reporter-output>
        </test-method> <!-- CreateCampaignWithProductTest -->
        <test-method is-config="true" signature="AM()[pri:0, instance:Campaign.CreateCampaignWithProductTest@4b2bac3f]" started-at="2024-07-22T01:16:07 IST" name="AM" finished-at="2024-07-22T01:16:09 IST" duration-ms="1779" status="PASS">
          <reporter-output>
          </reporter-output>
        </test-method> <!-- AM -->
        <test-method is-config="true" signature="AC()[pri:0, instance:Campaign.CreateCampaignWithProductTest@4b2bac3f]" started-at="2024-07-22T01:16:09 IST" name="AC" finished-at="2024-07-22T01:16:09 IST" duration-ms="259" status="PASS">
          <reporter-output>
          </reporter-output>
        </test-method> <!-- AC -->
      </class> <!-- Campaign.CreateCampaignWithProductTest -->
    </test> <!-- Test -->
  </suite> <!-- Suite -->
</testng-results>
