<?xml version="1.0" encoding="UTF-8"?>
<!-- Generated by org.testng.reporters.JUnitXMLReporter -->
<testsuite ignored="4" hostname="LAPTOP-HS6FBJBT" failures="0" tests="2" name="TestRunner1" time="97.228" errors="0" timestamp="2024-07-13T19:13:27 IST">
  <testcase classname="Campaign.CreateCampaignTest" name="createCampaignTest" time="37.871"/>
  <testcase classname="Organization.CreateOrganizationTest" name="createOrganizationTest" time="22.353"/>
  <testcase classname="Generic_Utility.Base_Class" name="@AfterTest AT" time="0.0">
    <ignored/>
  </testcase> <!-- @AfterTest AT -->
  <testcase classname="Generic_Utility.Base_Class" name="@BeforeTest BT" time="0.0">
    <ignored/>
  </testcase> <!-- @BeforeTest BT -->
  <testcase classname="Generic_Utility.Base_Class" name="@AfterSuite AS" time="0.0">
    <ignored/>
  </testcase> <!-- @AfterSuite AS -->
  <testcase classname="Generic_Utility.Base_Class" name="@BeforeSuite BS" time="0.0">
    <ignored/>
  </testcase> <!-- @BeforeSuite BS -->
</testsuite> <!-- TestRunner1 -->
