<?xml version="1.0" encoding="UTF-8"?>
<!-- Generated by org.testng.reporters.JUnitXMLReporter -->
<testsuite ignored="4" hostname="LAPTOP-HS6FBJBT" failures="0" tests="2" name="TestRunner2" time="141.157" errors="0" timestamp="2024-07-22T01:15:59 IST">
  <testcase classname="Product.CreateProductAndDeleteProductTest" name="CreateProductAndDeleteProductTest" time="46.27"/>
  <testcase classname="Product.CreateProductTest" name="CreateProductTest" time="25.19"/>
  <testcase classname="Generic_Utility.Base_Class" name="@BeforeSuite BS" time="0.0">
    <ignored/>
  </testcase> <!-- @BeforeSuite BS -->
  <testcase classname="Generic_Utility.Base_Class" name="@AfterTest AT" time="0.0">
    <ignored/>
  </testcase> <!-- @AfterTest AT -->
  <testcase classname="Generic_Utility.Base_Class" name="@BeforeTest BT" time="0.0">
    <ignored/>
  </testcase> <!-- @BeforeTest BT -->
  <testcase classname="Generic_Utility.Base_Class" name="@AfterSuite AS" time="0.0">
    <ignored/>
  </testcase> <!-- @AfterSuite AS -->
</testsuite> <!-- TestRunner2 -->
